<?xml version="1.0" encoding="UTF-8"?>
<!-- Generated by org.testng.reporters.JUnitReportReporter -->
<testsuite skipped="0" hostname="LIE-CZ9NTC2" name="PhpTravelsTest.RegistrationTest" tests="1" failures="0" timestamp="22 Jul 2021 08:10:54 GMT" time="23.199" errors="0">
  <testcase name="ManualPassingValuesRegistrationTest" time="23.199" classname="PhpTravelsTest.RegistrationTest"/>
</testsuite> <!-- PhpTravelsTest.RegistrationTest -->
